<?xml version="1.0" encoding="UTF-8"?>
<!-- Generated by org.testng.reporters.JUnitXMLReporter -->
<testsuite ignored="0" hostname="Siva" failures="0" tests="4" name="CorrectCredentials" time="42.937" errors="0" timestamp="2023-12-24T20:52:57 IST">
  <testcase classname="ddf_approach_3.LoginTestCase_UsingDataProvider" name="loginTestCase" time="12.187"/>
  <testcase classname="ddf_approach_3.LoginTestCase_UsingDataProvider" name="loginTestCase" time="11.799"/>
  <testcase classname="ddf_approach_3.LoginTestCase_UsingDataProvider" name="loginTestCase" time="9.835"/>
  <testcase classname="ddf_approach_3.LoginTestCase_UsingDataProvider" name="loginTestCase" time="9.004"/>
</testsuite> <!-- CorrectCredentials -->
