<?xml version="1.0" encoding="UTF-8"?>
<!-- Generated by org.testng.reporters.JUnitXMLReporter -->
<testsuite ignored="0" hostname="Siva" failures="0" tests="4" name="loginTest" time="30.441" errors="0" timestamp="2023-12-23T09:52:25 IST">
  <testcase classname="ddf_approach_1.loginTestCase_CorrectCredentials" name="loginWithCorrectCredentials" time="7.375"/>
  <testcase classname="ddf_approach_1.CorrectUsername" name="loginWithCorrectUsername" time="7.704"/>
  <testcase classname="ddf_approach_1.CorrectPassword" name="loginWithCorrectPassword" time="6.924"/>
  <testcase classname="ddf_approach_1.InCorrectCredentials" name="loginWithInCorrectCredentials" time="8.409"/>
</testsuite> <!-- loginTest -->
