<?xml version="1.0" encoding="UTF-8"?>
<testng-results ignored="0" total="4" passed="4" failed="0" skipped="0">
  <reporter-output>
  </reporter-output>
  <suite started-at="2023-12-24T20:52:14 IST" name="loginSuite" finished-at="2023-12-24T20:52:57 IST" duration-ms="42937">
    <groups>
    </groups>
    <test started-at="2023-12-24T20:52:14 IST" name="CorrectCredentials" finished-at="2023-12-24T20:52:57 IST" duration-ms="42937">
      <class name="ddf_approach_3.LoginTestCase_UsingDataProvider">
        <test-method signature="loginTestCase(java.lang.String,java.lang.String)[pri:0, instance:ddf_approach_3.LoginTestCase_UsingDataProvider@27ce24aa]" started-at="2023-12-24T20:52:14 IST" name="loginTestCase" data-provider="loginData" finished-at="2023-12-24T20:52:26 IST" duration-ms="12187" status="PASS">
          <params>
            <param index="0">
              <value>
                <![CDATA[standard_user]]>
              </value>
            </param>
            <param index="1">
              <value>
                <![CDATA[secret_sauce]]>
              </value>
            </param>
          </params>
          <reporter-output>
          </reporter-output>
        </test-method> <!-- loginTestCase -->
        <test-method signature="loginTestCase(java.lang.String,java.lang.String)[pri:0, instance:ddf_approach_3.LoginTestCase_UsingDataProvider@27ce24aa]" started-at="2023-12-24T20:52:26 IST" name="loginTestCase" data-provider="loginData" finished-at="2023-12-24T20:52:38 IST" duration-ms="11799" status="PASS">
          <params>
            <param index="0">
              <value>
                <![CDATA[Admin]]>
              </value>
            </param>
            <param index="1">
              <value>
                <![CDATA[dummy]]>
              </value>
            </param>
          </params>
          <reporter-output>
          </reporter-output>
        </test-method> <!-- loginTestCase -->
        <test-method signature="loginTestCase(java.lang.String,java.lang.String)[pri:0, instance:ddf_approach_3.LoginTestCase_UsingDataProvider@27ce24aa]" started-at="2023-12-24T20:52:38 IST" name="loginTestCase" data-provider="loginData" finished-at="2023-12-24T20:52:48 IST" duration-ms="9835" status="PASS">
          <params>
            <param index="0">
              <value>
                <![CDATA[bava]]>
              </value>
            </param>
            <param index="1">
              <value>
                <![CDATA[admin123]]>
              </value>
            </param>
          </params>
          <reporter-output>
          </reporter-output>
        </test-method> <!-- loginTestCase -->
        <test-method signature="loginTestCase(java.lang.String,java.lang.String)[pri:0, instance:ddf_approach_3.LoginTestCase_UsingDataProvider@27ce24aa]" started-at="2023-12-24T20:52:48 IST" name="loginTestCase" data-provider="loginData" finished-at="2023-12-24T20:52:57 IST" duration-ms="9004" status="PASS">
          <params>
            <param index="0">
              <value>
                <![CDATA[bava]]>
              </value>
            </param>
            <param index="1">
              <value>
                <![CDATA[dummy]]>
              </value>
            </param>
          </params>
          <reporter-output>
          </reporter-output>
        </test-method> <!-- loginTestCase -->
      </class> <!-- ddf_approach_3.LoginTestCase_UsingDataProvider -->
    </test> <!-- CorrectCredentials -->
  </suite> <!-- loginSuite -->
</testng-results>
